<?xml version="1.0" encoding="UTF-8"?>
<testsuite xmlns:xsi="http://www.w3.org/2001/XMLSchema-instance" xsi:noNamespaceSchemaLocation="https://maven.apache.org/surefire/maven-surefire-plugin/xsd/surefire-test-report-3.0.xsd" version="3.0" name="com.urlshortner.shortxurl.ShortxurlApplicationTests" time="9.46" tests="1" errors="0" skipped="0" failures="0">
  <properties>
[...]
</properties>
  <testcase name="contextLoads" classname="com.urlshortner.shortxurl.ShortxurlApplicationTests" time="1.057">
    <system-out><![CDATA[10:27:52.152 [main] INFO org.springframework.test.context.support.AnnotationConfigContextLoaderUtils -- Could not detect default configuration classes for test class [com.urlshortner.shortxurl.ShortxurlApplicationTests]: ShortxurlApplicationTests does not declare any static, non-private, non-final, nested classes annotated with @Configuration.
10:27:52.319 [main] INFO org.springframework.boot.test.context.SpringBootTestContextBootstrapper -- Found @SpringBootConfiguration com.urlshortner.shortxurl.ShortxurlApplication for test class com.urlshortner.shortxurl.ShortxurlApplicationTests
10:27:52.541 [main] INFO org.springframework.boot.devtools.restart.RestartApplicationListener -- Restart disabled due to context in which it is running

  .   ____          _            __ _ _
 /\\ / ___'_ __ _ _(_)_ __  __ _ \ \ \ \
( ( )\___ | '_ | '_| | '_ \/ _` | \ \ \ \
 \\/  ___)| |_)| | | | | || (_| |  ) ) ) )
  '  |____| .__|_| |_|_| |_\__, | / / / /
 =========|_|==============|___/=/_/_/_/
 :: Spring Boot ::                (v3.2.3)

2024-07-02T10:27:53.048+05:30  INFO 36599 --- [shortxurl] [           main] c.u.shortxurl.ShortxurlApplicationTests  : Starting ShortxurlApplicationTests using Java 21.0.1 with PID 36599 (started by manish in /home/manish/Downloads/test/git/SHORTxURL)
2024-07-02T10:27:53.051+05:30  INFO 36599 --- [shortxurl] [           main] c.u.shortxurl.ShortxurlApplicationTests  : No active profile set, falling back to 1 default profile: "default"
2024-07-02T10:27:54.516+05:30  INFO 36599 --- [shortxurl] [           main] .s.d.r.c.RepositoryConfigurationDelegate : Bootstrapping Spring Data JPA repositories in DEFAULT mode.
2024-07-02T10:27:54.607+05:30  INFO 36599 --- [shortxurl] [           main] .s.d.r.c.RepositoryConfigurationDelegate : Finished Spring Data repository scanning in 77 ms. Found 1 JPA repository interface.
2024-07-02T10:27:55.526+05:30  INFO 36599 --- [shortxurl] [           main] o.hibernate.jpa.internal.util.LogHelper  : HHH000204: Processing PersistenceUnitInfo [name: default]
2024-07-02T10:27:55.587+05:30  INFO 36599 --- [shortxurl] [           main] org.hibernate.Version                    : HHH000412: Hibernate ORM core version 6.4.4.Final
2024-07-02T10:27:55.635+05:30  INFO 36599 --- [shortxurl] [           main] o.h.c.internal.RegionFactoryInitiator    : HHH000026: Second-level cache disabled
2024-07-02T10:27:56.074+05:30  INFO 36599 --- [shortxurl] [           main] o.s.o.j.p.SpringPersistenceUnitInfo      : No LoadTimeWeaver setup: ignoring JPA class transformer
2024-07-02T10:27:56.120+05:30  INFO 36599 --- [shortxurl] [           main] com.zaxxer.hikari.HikariDataSource       : ds - Starting...
2024-07-02T10:27:56.802+05:30  INFO 36599 --- [shortxurl] [           main] com.zaxxer.hikari.pool.HikariPool        : ds - Added connection com.mysql.cj.jdbc.ConnectionImpl@2964511
2024-07-02T10:27:56.804+05:30  INFO 36599 --- [shortxurl] [           main] com.zaxxer.hikari.HikariDataSource       : ds - Start completed.
2024-07-02T10:27:56.895+05:30  WARN 36599 --- [shortxurl] [           main] org.hibernate.orm.deprecation            : HHH90000025: MySQLDialect does not need to be specified explicitly using 'hibernate.dialect' (remove the property setting and it will be selected by default)
2024-07-02T10:27:58.294+05:30  INFO 36599 --- [shortxurl] [           main] o.h.e.t.j.p.i.JtaPlatformInitiator       : HHH000489: No JTA platform available (set 'hibernate.transaction.jta.platform' to enable JTA platform integration)
2024-07-02T10:27:58.372+05:30  INFO 36599 --- [shortxurl] [           main] j.LocalContainerEntityManagerFactoryBean : Initialized JPA EntityManagerFactory for persistence unit 'default'
2024-07-02T10:27:59.259+05:30  INFO 36599 --- [shortxurl] [           main] o.s.b.a.w.s.WelcomePageHandlerMapping    : Adding welcome page template: index
2024-07-02T10:28:00.236+05:30  INFO 36599 --- [shortxurl] [           main] c.u.shortxurl.ShortxurlApplicationTests  : Started ShortxurlApplicationTests in 7.717 seconds (process running for 9.249)
]]></system-out>
    <system-err><![CDATA[WARNING: A Java agent has been loaded dynamically (/home/manish/.m2/repository/net/bytebuddy/byte-buddy-agent/1.14.12/byte-buddy-agent-1.14.12.jar)
WARNING: If a serviceability tool is in use, please run with -XX:+EnableDynamicAgentLoading to hide this warning
WARNING: If a serviceability tool is not in use, please run with -Djdk.instrument.traceUsage for more information
WARNING: Dynamic loading of agents will be disallowed by default in a future release
]]></system-err>
  </testcase>
</testsuite>